{"C:\\Projects\\FE\\i_mation\\src\\helpers\\fs.helper.ts": {"path":"C:\\Projects\\FE\\i_mation\\src\\helpers\\fs.helper.ts","statementMap":{"0":{"start":{"line":1,"column":0},"end":{"line":1,"column":25}},"1":{"start":{"line":2,"column":0},"end":{"line":2,"column":29}},"2":{"start":{"line":4,"column":35},"end":{"line":10,"column":2}},"3":{"start":{"line":7,"column":4},"end":{"line":10,"column":2}},"4":{"start":{"line":8,"column":19},"end":{"line":8,"column":76}},"5":{"start":{"line":9,"column":2},"end":{"line":9,"column":78}},"6":{"start":{"line":9,"column":52},"end":{"line":9,"column":65}},"7":{"start":{"line":4,"column":13},"end":{"line":4,"column":35}},"8":{"start":{"line":13,"column":2},"end":{"line":15,"column":null}},"9":{"start":{"line":14,"column":4},"end":{"line":14,"column":14}},"10":{"start":{"line":17,"column":2},"end":{"line":20,"column":70}},"11":{"start":{"line":19,"column":33},"end":{"line":19,"column":51}},"12":{"start":{"line":20,"column":30},"end":{"line":20,"column":68}},"13":{"start":{"line":12,"column":0},"end":{"line":12,"column":16}},"14":{"start":{"line":24,"column":2},"end":{"line":27,"column":70}},"15":{"start":{"line":26,"column":33},"end":{"line":26,"column":52}},"16":{"start":{"line":27,"column":30},"end":{"line":27,"column":68}},"17":{"start":{"line":23,"column":0},"end":{"line":23,"column":16}}},"fnMap":{"0":{"name":"(anonymous_7)","decl":{"start":{"line":4,"column":35},"end":{"line":4,"column":null}},"loc":{"start":{"line":7,"column":4},"end":{"line":10,"column":2}}},"1":{"name":"(anonymous_8)","decl":{"start":{"line":7,"column":4},"end":{"line":7,"column":null}},"loc":{"start":{"line":7,"column":4},"end":{"line":10,"column":1}}},"2":{"name":"(anonymous_9)","decl":{"start":{"line":9,"column":37},"end":{"line":9,"column":38}},"loc":{"start":{"line":9,"column":52},"end":{"line":9,"column":65}}},"3":{"name":"getAllDirectoriesInDirectory","decl":{"start":{"line":12,"column":16},"end":{"line":12,"column":44}},"loc":{"start":{"line":12,"column":66},"end":{"line":21,"column":1}}},"4":{"name":"(anonymous_11)","decl":{"start":{"line":19,"column":12},"end":{"line":19,"column":13}},"loc":{"start":{"line":19,"column":33},"end":{"line":19,"column":51}}},"5":{"name":"(anonymous_12)","decl":{"start":{"line":20,"column":9},"end":{"line":20,"column":10}},"loc":{"start":{"line":20,"column":30},"end":{"line":20,"column":68}}},"6":{"name":"getAllFilesInDirectory","decl":{"start":{"line":23,"column":16},"end":{"line":23,"column":38}},"loc":{"start":{"line":23,"column":60},"end":{"line":28,"column":1}}},"7":{"name":"(anonymous_14)","decl":{"start":{"line":26,"column":12},"end":{"line":26,"column":13}},"loc":{"start":{"line":26,"column":33},"end":{"line":26,"column":52}}},"8":{"name":"(anonymous_15)","decl":{"start":{"line":27,"column":9},"end":{"line":27,"column":10}},"loc":{"start":{"line":27,"column":30},"end":{"line":27,"column":68}}}},"branchMap":{"0":{"loc":{"start":{"line":6,"column":2},"end":{"line":6,"column":28}},"type":"default-arg","locations":[{"start":{"line":6,"column":23},"end":{"line":6,"column":28}}]},"1":{"loc":{"start":{"line":9,"column":9},"end":{"line":9,"column":77}},"type":"cond-expr","locations":[{"start":{"line":9,"column":21},"end":{"line":9,"column":66}},{"start":{"line":9,"column":69},"end":{"line":9,"column":77}}]},"2":{"loc":{"start":{"line":13,"column":2},"end":{"line":15,"column":null}},"type":"if","locations":[{"start":{"line":13,"column":2},"end":{"line":15,"column":null}}]}},"s":{"0":1,"1":1,"2":1,"3":2,"4":2,"5":2,"6":3,"7":1,"8":3,"9":1,"10":2,"11":6,"12":2,"13":1,"14":1,"15":3,"16":2,"17":1},"f":{"0":2,"1":2,"2":3,"3":3,"4":6,"5":2,"6":1,"7":3,"8":2},"b":{"0":[1],"1":[1,1],"2":[1]}}
}
