TN:
SF:src\helpers\fs.helper.ts
FN:4,(anonymous_7)
FN:7,(anonymous_8)
FN:9,(anonymous_9)
FN:12,getAllDirectoriesInDirectory
FN:19,(anonymous_11)
FN:20,(anonymous_12)
FN:23,getAllFilesInDirectory
FN:26,(anonymous_14)
FN:27,(anonymous_15)
FNF:9
FNH:9
FNDA:2,(anonymous_7)
FNDA:2,(anonymous_8)
FNDA:3,(anonymous_9)
FNDA:3,getAllDirectoriesInDirectory
FNDA:6,(anonymous_11)
FNDA:2,(anonymous_12)
FNDA:1,getAllFilesInDirectory
FNDA:3,(anonymous_14)
FNDA:2,(anonymous_15)
DA:1,1
DA:2,1
DA:4,1
DA:7,2
DA:8,2
DA:9,3
DA:12,1
DA:13,3
DA:14,1
DA:17,2
DA:19,6
DA:20,2
DA:23,1
DA:24,1
DA:26,3
DA:27,2
LF:16
LH:16
BRDA:6,0,0,1
BRDA:9,1,0,1
BRDA:9,1,1,1
BRDA:13,2,0,1
BRF:4
BRH:4
end_of_record
